<?xml version="1.0" encoding="UTF-8"?>
<!-- Generated by org.testng.reporters.JUnitReportReporter -->
<testsuite hostname="LAPTOP-R8RL5IE9" failures="0" tests="1" name="hariCommerce.testcases.LoginTest" time="8.046" errors="0" timestamp="2022-11-06T16:20:49 IST" skipped="0">
  <testcase classname="hariCommerce.testcases.LoginTest" name="Logintest" time="8.046"/>
  <system-out/>
</testsuite> <!-- hariCommerce.testcases.LoginTest -->
