<?xml version="1.0" encoding="UTF-8"?>
<!-- Generated by org.testng.reporters.JUnitReportReporter -->
<testsuite hostname="LAPTOP-R8RL5IE9" failures="0" tests="1" name="hariCommerce.testcases.LoginTest" time="5.512" errors="0" timestamp="2022-11-06T21:21:08 IST" skipped="0">
  <testcase classname="hariCommerce.testcases.LoginTest" name="Logintest" time="5.512"/>
  <system-out/>
</testsuite> <!-- hariCommerce.testcases.LoginTest -->
